<?xml version="1.0" encoding="UTF-8"?>
<!-- Generated by org.testng.reporters.JUnitReportReporter -->
<testsuite hostname="IN-PG02NM7D" failures="0" tests="1" name="SeleniumTutorialDemo.WebpageDemo" time="9.040" errors="0" timestamp="2023-07-22T22:56:21 IST" skipped="0">
  <testcase classname="SeleniumTutorialDemo.WebpageDemo" name="web" time="9.040"/>
  <system-out/>
</testsuite> <!-- SeleniumTutorialDemo.WebpageDemo -->
